The target system is: Generic - 3.6.99 - arm
The host system is: Linux - 6.8.0-41-generic - x86_64
Compiling the C compiler identification source file "CMakeCCompilerId.c" succeeded.
Compiler: /home/sword/ncs/toolchains/e9dba88316/opt/zephyr-sdk/arm-zephyr-eabi/bin/arm-zephyr-eabi-gcc 
Build flags: 
Id flags: -c 

The output was:
0


Compilation of the C compiler identification source "CMakeCCompilerId.c" produced "CMakeCCompilerId.o"

The C compiler identification is GNU, found in "/home/sword/ncs/ncs-fund-git/ncs_fund/lesson5/fund_less5_exer1/build/CMakeFiles/3.21.0/CompilerIdC/CMakeCCompilerId.o"

Compiling the CXX compiler identification source file "CMakeCXXCompilerId.cpp" succeeded.
Compiler: /home/sword/ncs/toolchains/e9dba88316/opt/zephyr-sdk/arm-zephyr-eabi/bin/arm-zephyr-eabi-g++ 
Build flags: 
Id flags: -c 

The output was:
0


Compilation of the CXX compiler identification source "CMakeCXXCompilerId.cpp" produced "CMakeCXXCompilerId.o"

The CXX compiler identification is GNU, found in "/home/sword/ncs/ncs-fund-git/ncs_fund/lesson5/fund_less5_exer1/build/CMakeFiles/3.21.0/CompilerIdCXX/CMakeCXXCompilerId.o"

Checking whether the ASM compiler is GNU using "--version" matched "(GNU assembler)|(GCC)|(Free Software Foundation)":
arm-zephyr-eabi-gcc (Zephyr SDK 0.16.5-1) 12.2.0
Copyright (C) 2022 Free Software Foundation, Inc.
This is free software; see the source for copying conditions.  There is NO
warranty; not even for MERCHANTABILITY or FITNESS FOR A PARTICULAR PURPOSE.

Performing C SOURCE FILE Test check_fmacro_prefix_map__home_sword_ncs_ncs_fund_git_ncs_fund_lesson5_fund_less5_exer1_CMAKE_SOURCE_DIR_C__nostartfiles__nostdlib__isystem___home_sword_ncs_toolchains_e9dba88316_opt_zephyr_sdk_arm_zephyr_eabi_bin____lib_gcc_arm_zephyr_eabi_12_2_0_include___isystem___home_sword_ncs_toolchains_e9dba88316_opt_zephyr_sdk_arm_zephyr_eabi_bin____lib_gcc_arm_zephyr_eabi_12_2_0_include_fixed___Wl___unresolved_symbols_ignore_in_object_files__Wl___entry_0 succeeded with the following output:
Change Dir: /home/sword/ncs/ncs-fund-git/ncs_fund/lesson5/fund_less5_exer1/build/CMakeFiles/CMakeTmp

Run Build Command(s):/home/sword/ncs/toolchains/e9dba88316/usr/local/bin/ninja cmTC_b82e3 && [1/2] Building C object CMakeFiles/cmTC_b82e3.dir/src.c.obj
[2/2] Linking C executable cmTC_b82e3


Source file was:
int main(void) { return 0; }
